<?xml version="1.0" encoding="UTF-8"?>
<!-- Generated by org.testng.reporters.JUnitReportReporter -->
<testsuite skipped="1" hostname="Asus" name="pom.Test.Test1" tests="1" failures="0" timestamp="20 Apr 2018 14:45:57 GMT" time="0.000" errors="0">
  <testcase name="testLogin" time="0.000" classname="pom.Test.Test1">
    <skipped/>
  </testcase> <!-- testLogin -->
</testsuite> <!-- pom.Test.Test1 -->
